<?xml version="1.0" encoding="UTF-8"?>
<testng-results ignored="0" total="1" passed="1" failed="0" skipped="0">
  <reporter-output>
  </reporter-output>
  <suite started-at="2024-11-14T14:39:50 IST" name="Default suite" finished-at="2024-11-14T14:40:51 IST" duration-ms="60773">
    <groups>
    </groups>
    <test started-at="2024-11-14T14:39:50 IST" name="Default test" finished-at="2024-11-14T14:40:51 IST" duration-ms="60773">
      <class name="TestCases.RouteCase">
        <test-method is-config="true" signature="launch()[pri:0, instance:TestCases.RouteCase@13c9d689]" started-at="2024-11-14T14:39:50 IST" name="launch" finished-at="2024-11-14T14:40:18 IST" duration-ms="27372" status="PASS">
          <reporter-output>
          </reporter-output>
        </test-method> <!-- launch -->
        <test-method signature="tripSelecting()[pri:0, instance:TestCases.RouteCase@13c9d689]" started-at="2024-11-14T14:40:18 IST" name="tripSelecting" finished-at="2024-11-14T14:40:51 IST" duration-ms="32523" status="PASS">
          <reporter-output>
          </reporter-output>
        </test-method> <!-- tripSelecting -->
      </class> <!-- TestCases.RouteCase -->
    </test> <!-- Default test -->
  </suite> <!-- Default suite -->
</testng-results>
